Arguments: 
  C:\Program Files\nodejs\node.exe C:\Program Files (x86)\Yarn\bin\yarn.js add @openzeppelin

PATH: 
  C:\Python310\Scripts\;C:\Python310\;C:\gurobi950\win64\bin;C:\Program Files (x86)\Common Files\Oracle\Java\javapath;C:\Windows\system32;C:\Windows;C:\Windows\System32\Wbem;C:\Windows\System32\WindowsPowerShell\v1.0\;C:\Windows\System32\OpenSSH\;C:\Program Files (x86)\NVIDIA Corporation\PhysX\Common;C:\Program Files\NVIDIA Corporation\NVIDIA NvDLISR;C:\Program Files\Git\cmd;C:\Program Files (x86)\Yarn\bin\;C:\Program Files\Novell\iPrint;C:\Program Files\PuTTY\;C:\WINDOWS\system32;C:\WINDOWS;C:\WINDOWS\System32\Wbem;C:\WINDOWS\System32\WindowsPowerShell\v1.0\;C:\WINDOWS\System32\OpenSSH\;C:\Program Files\nodejs\;C:\ProgramData\chocolatey\bin;C:\Users\lokir\AppData\Local\Microsoft\WindowsApps;C:\Users\lokir\AppData\Local\Programs\Microsoft VS Code\bin;C:\Users\lokir\AppData\Local\GitHubDesktop\bin;C:\Users\lokir\AppData\Local\Yarn\bin;C:\Program Files\heroku\bin;C:\Users\lokir\AppData\Local\Microsoft\WindowsApps;C:\Users\lokir\AppData\Roaming\npm

Yarn version: 
  1.22.5

Node version: 
  16.15.0

Platform: 
  win32 x64

Trace: 
  Error: https://registry.yarnpkg.com/@openzeppelin: Request "https://registry.yarnpkg.com/@openzeppelin" returned a 405
      at Request.params.callback [as _callback] (C:\Program Files (x86)\Yarn\lib\cli.js:66106:18)
      at Request.self.callback (C:\Program Files (x86)\Yarn\lib\cli.js:140749:22)
      at Request.emit (node:events:527:28)
      at Request.<anonymous> (C:\Program Files (x86)\Yarn\lib\cli.js:141721:10)
      at Request.emit (node:events:527:28)
      at IncomingMessage.<anonymous> (C:\Program Files (x86)\Yarn\lib\cli.js:141643:12)
      at Object.onceWrapper (node:events:641:28)
      at IncomingMessage.emit (node:events:539:35)
      at endReadableNT (node:internal/streams/readable:1345:12)
      at processTicksAndRejections (node:internal/process/task_queues:83:21)

npm manifest: 
  {
    "name": "eth-todo-list",
    "version": "1.0.0",
    "description": "Blockchain Todo List Powered By Ethereum",
    "main": "truffle-config.js",
    "directories": {
      "test": "test"
    },
    "scripts": {
      "dev": "lite-server",
      "test": "echo \"Error: no test specified\" && sexit 1"
    },
    "author": "gregory@dappuniversity.com",
    "license": "ISC",
    "devDependencies": {
      "bootstrap": "4.1.3",
      "chai": "^4.1.2",
      "chai-as-promised": "^7.1.1",
      "chai-bignumber": "^2.0.2",
      "lite-server": "^2.3.0",
      "nodemon": "^1.17.3",
      "truffle": "5.0.2",
      "truffle-contract": "3.0.6"
    }
  }

yarn manifest: 
  No manifest

Lockfile: 
  No lockfile
